2023-07-15 17:33:57,178 {HH:mm:ss.SSS} [main] 11   evel 11ogger - ---------verifyLoginPageURL test has started
2023-07-15 17:33:57,188 {HH:mm:ss.SSS} [main] 20   evel 20ogger - Verifying URL of Login page
2023-07-15 17:33:57,190 {HH:mm:ss.SSS} [main] 15   evel 15ogger - ---------verifyLoginPageURL test has ended
2023-07-15 17:33:57,197 {HH:mm:ss.SSS} [main] 11   evel 11ogger - ---------verifyLoginPageTitle test has started
2023-07-15 17:33:57,206 {HH:mm:ss.SSS} [main] 15   evel 15ogger - ---------verifyLoginPageTitle test has ended
2023-07-15 17:33:57,210 {HH:mm:ss.SSS} [main] 11   evel 11ogger - ---------verifyLoginPageAppLogoDisplayed test has started
2023-07-15 17:33:57,252 {HH:mm:ss.SSS} [main] 15   evel 15ogger - ---------verifyLoginPageAppLogoDisplayed test has ended
2023-07-15 17:33:57,901 {HH:mm:ss.SSS} [main] 11   evel 11ogger - ---------loginTest test has started
2023-07-15 17:33:57,916 {HH:mm:ss.SSS} [main] 20   evel 20ogger - User is entering login credentials
2023-07-15 17:33:59,038 {HH:mm:ss.SSS} [main] 20   evel 20ogger - Verifying login functionality if it is successfull for valid credentials
2023-07-15 17:33:59,039 {HH:mm:ss.SSS} [main] 15   evel 15ogger - ---------loginTest test has ended
2023-07-15 17:33:59,041 {HH:mm:ss.SSS} [main] 11   evel 11ogger - ---------loginTest test has started
2023-07-15 17:33:59,042 {HH:mm:ss.SSS} [main] 20   evel 20ogger - User is entering login credentials
2023-07-15 17:33:59,383 {HH:mm:ss.SSS} [main] 15   evel 15ogger - ---------loginTest test has ended
2023-07-15 17:33:59,386 {HH:mm:ss.SSS} [main] 11   evel 11ogger - ---------loginTest test has started
2023-07-15 17:33:59,387 {HH:mm:ss.SSS} [main] 20   evel 20ogger - User is entering login credentials
2023-07-15 17:34:00,407 {HH:mm:ss.SSS} [main] 20   evel 20ogger - Verifying login functionality if it is successfull for valid credentials
2023-07-15 17:34:00,410 {HH:mm:ss.SSS} [main] 15   evel 15ogger - ---------loginTest test has ended
2023-07-15 17:34:00,414 {HH:mm:ss.SSS} [main] 11   evel 11ogger - ---------loginTest test has started
2023-07-15 17:34:00,414 {HH:mm:ss.SSS} [main] 20   evel 20ogger - User is entering login credentials
2023-07-15 17:34:06,655 {HH:mm:ss.SSS} [main] 20   evel 20ogger - Verifying login functionality if it is successfull for valid credentials
2023-07-15 17:34:06,658 {HH:mm:ss.SSS} [main] 15   evel 15ogger - ---------loginTest test has ended
2023-07-15 17:34:08,770 {HH:mm:ss.SSS} [main] 11   evel 11ogger - ---------verifyProductsPageURL test has started
2023-07-15 17:34:09,308 {HH:mm:ss.SSS} [main] 20   evel 20ogger - Verifying URL of Products page
2023-07-15 17:34:09,316 {HH:mm:ss.SSS} [main] 15   evel 15ogger - ---------verifyProductsPageURL test has ended
2023-07-15 17:34:09,319 {HH:mm:ss.SSS} [main] 11   evel 11ogger - ---------verifyProductsPageTitle test has started
2023-07-15 17:34:09,321 {HH:mm:ss.SSS} [main] 15   evel 15ogger - ---------verifyProductsPageTitle test has ended
2023-07-15 17:34:09,330 {HH:mm:ss.SSS} [main] 11   evel 11ogger - ---------verifyProductsPageAppLogoDisplayed test has started
2023-07-15 17:34:09,360 {HH:mm:ss.SSS} [main] 15   evel 15ogger - ---------verifyProductsPageAppLogoDisplayed test has ended
2023-07-15 17:34:09,368 {HH:mm:ss.SSS} [main] 11   evel 11ogger - ---------verifyLogoutFunction test has started
2023-07-15 17:34:10,108 {HH:mm:ss.SSS} [main] 20   evel 20ogger - Verifying logout functionality
2023-07-15 17:34:10,132 {HH:mm:ss.SSS} [main] 15   evel 15ogger - ---------verifyLogoutFunction test has ended
2023-07-15 17:34:10,140 {HH:mm:ss.SSS} [main] 11   evel 11ogger - ---------verifyPriceFilterAscOrder test has started
2023-07-15 17:34:13,564 {HH:mm:ss.SSS} [main] 20   evel 20ogger - Applying low to high price filter on products
2023-07-15 17:34:16,844 {HH:mm:ss.SSS} [main] 20   evel 20ogger - Verifying filter function for low to high price
2023-07-15 17:34:17,615 {HH:mm:ss.SSS} [main] 15   evel 15ogger - ---------verifyPriceFilterAscOrder test has ended
2023-07-15 17:34:17,619 {HH:mm:ss.SSS} [main] 11   evel 11ogger - ---------verifyPriceFilterDescOrder test has started
2023-07-15 17:34:21,198 {HH:mm:ss.SSS} [main] 20   evel 20ogger - Applying high to low price filter on products
2023-07-15 17:34:24,431 {HH:mm:ss.SSS} [main] 20   evel 20ogger - Verifying filter function for high to low price
2023-07-15 17:34:24,431 {HH:mm:ss.SSS} [main] 15   evel 15ogger - ---------verifyPriceFilterDescOrder test has ended
2023-07-16 17:51:03,952 {HH:mm:ss.SSS} [main] 11   evel 11ogger - ---------verifyLoginPageURL test has started
2023-07-16 17:51:03,964 {HH:mm:ss.SSS} [main] 20   evel 20ogger - Verifying URL of Login page
2023-07-16 17:51:03,967 {HH:mm:ss.SSS} [main] 15   evel 15ogger - ---------verifyLoginPageURL test has ended
2023-07-16 17:55:08,695 {HH:mm:ss.SSS} [main] 11   evel 11ogger - ---------verifyLoginPageURL test has started
2023-07-16 17:55:08,705 {HH:mm:ss.SSS} [main] 20   evel 20ogger - Verifying URL of Login page
2023-07-16 17:55:08,706 {HH:mm:ss.SSS} [main] 15   evel 15ogger - ---------verifyLoginPageURL test has ended
2023-07-16 17:55:08,712 {HH:mm:ss.SSS} [main] 11   evel 11ogger - ---------verifyLoginPageTitle test has started
2023-07-16 17:55:08,721 {HH:mm:ss.SSS} [main] 15   evel 15ogger - ---------verifyLoginPageTitle test has ended
2023-07-16 17:55:08,724 {HH:mm:ss.SSS} [main] 11   evel 11ogger - ---------verifyLoginPageAppLogoDisplayed test has started
2023-07-16 17:55:08,764 {HH:mm:ss.SSS} [main] 15   evel 15ogger - ---------verifyLoginPageAppLogoDisplayed test has ended
2023-07-16 17:55:09,516 {HH:mm:ss.SSS} [main] 11   evel 11ogger - ---------loginTest test has started
2023-07-16 17:55:09,532 {HH:mm:ss.SSS} [main] 20   evel 20ogger - User is entering login credentials
2023-07-16 17:55:10,671 {HH:mm:ss.SSS} [main] 20   evel 20ogger - Verifying login functionality if it is successfull for valid credentials
2023-07-16 17:55:10,672 {HH:mm:ss.SSS} [main] 15   evel 15ogger - ---------loginTest test has ended
2023-07-16 17:55:10,676 {HH:mm:ss.SSS} [main] 11   evel 11ogger - ---------loginTest test has started
2023-07-16 17:55:10,677 {HH:mm:ss.SSS} [main] 20   evel 20ogger - User is entering login credentials
2023-07-16 17:55:11,065 {HH:mm:ss.SSS} [main] 15   evel 15ogger - ---------loginTest test has ended
2023-07-16 17:55:11,068 {HH:mm:ss.SSS} [main] 11   evel 11ogger - ---------loginTest test has started
2023-07-16 17:55:11,068 {HH:mm:ss.SSS} [main] 20   evel 20ogger - User is entering login credentials
2023-07-16 17:55:12,096 {HH:mm:ss.SSS} [main] 20   evel 20ogger - Verifying login functionality if it is successfull for valid credentials
2023-07-16 17:55:12,096 {HH:mm:ss.SSS} [main] 15   evel 15ogger - ---------loginTest test has ended
2023-07-16 17:55:12,096 {HH:mm:ss.SSS} [main] 11   evel 11ogger - ---------loginTest test has started
2023-07-16 17:55:12,096 {HH:mm:ss.SSS} [main] 20   evel 20ogger - User is entering login credentials
2023-07-16 17:55:18,304 {HH:mm:ss.SSS} [main] 20   evel 20ogger - Verifying login functionality if it is successfull for valid credentials
2023-07-16 17:55:18,304 {HH:mm:ss.SSS} [main] 15   evel 15ogger - ---------loginTest test has ended
2023-07-16 17:55:20,465 {HH:mm:ss.SSS} [main] 11   evel 11ogger - ---------verifyProductsPageURL test has started
2023-07-16 17:55:20,935 {HH:mm:ss.SSS} [main] 20   evel 20ogger - Verifying URL of Products page
2023-07-16 17:55:20,935 {HH:mm:ss.SSS} [main] 15   evel 15ogger - ---------verifyProductsPageURL test has ended
2023-07-16 17:55:20,939 {HH:mm:ss.SSS} [main] 11   evel 11ogger - ---------verifyProductsPageTitle test has started
2023-07-16 17:55:20,942 {HH:mm:ss.SSS} [main] 15   evel 15ogger - ---------verifyProductsPageTitle test has ended
2023-07-16 17:55:20,950 {HH:mm:ss.SSS} [main] 11   evel 11ogger - ---------verifyProductsPageAppLogoDisplayed test has started
2023-07-16 17:55:20,989 {HH:mm:ss.SSS} [main] 15   evel 15ogger - ---------verifyProductsPageAppLogoDisplayed test has ended
2023-07-16 17:55:20,993 {HH:mm:ss.SSS} [main] 11   evel 11ogger - ---------verifyLogoutFunction test has started
2023-07-16 17:55:21,723 {HH:mm:ss.SSS} [main] 20   evel 20ogger - Verifying logout functionality
2023-07-16 17:55:21,755 {HH:mm:ss.SSS} [main] 15   evel 15ogger - ---------verifyLogoutFunction test has ended
2023-07-16 17:55:21,759 {HH:mm:ss.SSS} [main] 11   evel 11ogger - ---------verifyPriceFilterAscOrder test has started
2023-07-16 17:55:25,250 {HH:mm:ss.SSS} [main] 20   evel 20ogger - Applying low to high price filter on products
2023-07-16 17:55:28,549 {HH:mm:ss.SSS} [main] 20   evel 20ogger - Verifying filter function for low to high price
2023-07-16 17:55:29,330 {HH:mm:ss.SSS} [main] 15   evel 15ogger - ---------verifyPriceFilterAscOrder test has ended
2023-07-16 17:55:29,334 {HH:mm:ss.SSS} [main] 11   evel 11ogger - ---------verifyPriceFilterDescOrder test has started
2023-07-16 17:55:32,972 {HH:mm:ss.SSS} [main] 20   evel 20ogger - Applying high to low price filter on products
2023-07-16 17:55:36,243 {HH:mm:ss.SSS} [main] 20   evel 20ogger - Verifying filter function for high to low price
2023-07-16 17:55:36,243 {HH:mm:ss.SSS} [main] 15   evel 15ogger - ---------verifyPriceFilterDescOrder test has ended
2023-07-16 18:08:17,839 {HH:mm:ss.SSS} [main] 11   evel 11ogger - ---------verifyLoginPageTitle test has started
2023-07-16 18:08:17,849 {HH:mm:ss.SSS} [main] 15   evel 15ogger - ---------verifyLoginPageTitle test has ended
2023-07-16 18:14:35,227 {HH:mm:ss.SSS} [main] 11   evel 11ogger - ---------verifyLoginPageURL test has started
2023-07-16 18:14:35,240 {HH:mm:ss.SSS} [main] 20   evel 20ogger - Verifying URL of Login page
2023-07-16 18:14:35,242 {HH:mm:ss.SSS} [main] 15   evel 15ogger - ---------verifyLoginPageURL test has ended
2023-07-16 18:18:02,491 {HH:mm:ss.SSS} [main] 11   evel 11ogger - ---------verifyLoginPageURL test has started
2023-07-16 18:18:02,503 {HH:mm:ss.SSS} [main] 20   evel 20ogger - Verifying URL of Login page
2023-07-16 18:18:02,506 {HH:mm:ss.SSS} [main] 15   evel 15ogger - ---------verifyLoginPageURL test has ended
2023-07-16 19:12:48,791 {HH:mm:ss.SSS} [main] 11   evel 11ogger - ---------verifyLoginPageURL test has started
2023-07-16 19:12:48,799 {HH:mm:ss.SSS} [main] 20   evel 20ogger - Verifying URL of Login page
2023-07-16 19:12:48,802 {HH:mm:ss.SSS} [main] 15   evel 15ogger - ---------verifyLoginPageURL test has ended
2023-07-16 19:19:17,999 {HH:mm:ss.SSS} [main] 11   evel 11ogger - ---------verifyLoginPageURL test has started
2023-07-16 19:19:18,009 {HH:mm:ss.SSS} [main] 20   evel 20ogger - Verifying URL of Login page
2023-07-16 19:19:18,011 {HH:mm:ss.SSS} [main] 15   evel 15ogger - ---------verifyLoginPageURL test has ended
2023-07-16 19:19:18,023 {HH:mm:ss.SSS} [main] 11   evel 11ogger - ---------verifyLoginPageTitle test has started
2023-07-16 19:19:18,030 {HH:mm:ss.SSS} [main] 15   evel 15ogger - ---------verifyLoginPageTitle test has ended
2023-07-16 19:19:18,034 {HH:mm:ss.SSS} [main] 11   evel 11ogger - ---------verifyLoginPageAppLogoDisplayed test has started
2023-07-16 19:19:18,084 {HH:mm:ss.SSS} [main] 15   evel 15ogger - ---------verifyLoginPageAppLogoDisplayed test has ended
2023-07-16 19:19:18,886 {HH:mm:ss.SSS} [main] 11   evel 11ogger - ---------loginTest test has started
2023-07-16 19:19:18,908 {HH:mm:ss.SSS} [main] 20   evel 20ogger - User is entering login credentials
2023-07-16 19:19:20,116 {HH:mm:ss.SSS} [main] 20   evel 20ogger - Verifying login functionality if it is successfull for valid credentials
2023-07-16 19:19:20,117 {HH:mm:ss.SSS} [main] 15   evel 15ogger - ---------loginTest test has ended
2023-07-16 19:19:20,122 {HH:mm:ss.SSS} [main] 11   evel 11ogger - ---------loginTest test has started
2023-07-16 19:19:20,123 {HH:mm:ss.SSS} [main] 20   evel 20ogger - User is entering login credentials
2023-07-16 19:19:20,545 {HH:mm:ss.SSS} [main] 15   evel 15ogger - ---------loginTest test has ended
2023-07-16 19:19:20,548 {HH:mm:ss.SSS} [main] 11   evel 11ogger - ---------loginTest test has started
2023-07-16 19:19:20,548 {HH:mm:ss.SSS} [main] 20   evel 20ogger - User is entering login credentials
2023-07-16 19:19:21,743 {HH:mm:ss.SSS} [main] 20   evel 20ogger - Verifying login functionality if it is successfull for valid credentials
2023-07-16 19:19:21,743 {HH:mm:ss.SSS} [main] 15   evel 15ogger - ---------loginTest test has ended
2023-07-16 19:19:21,750 {HH:mm:ss.SSS} [main] 11   evel 11ogger - ---------loginTest test has started
2023-07-16 19:19:21,750 {HH:mm:ss.SSS} [main] 20   evel 20ogger - User is entering login credentials
2023-07-16 19:19:27,964 {HH:mm:ss.SSS} [main] 20   evel 20ogger - Verifying login functionality if it is successfull for valid credentials
2023-07-16 19:19:27,964 {HH:mm:ss.SSS} [main] 15   evel 15ogger - ---------loginTest test has ended
2023-07-16 19:19:30,212 {HH:mm:ss.SSS} [main] 11   evel 11ogger - ---------verifyProductsPageURL test has started
2023-07-16 19:19:30,785 {HH:mm:ss.SSS} [main] 20   evel 20ogger - Verifying URL of Products page
2023-07-16 19:19:30,785 {HH:mm:ss.SSS} [main] 15   evel 15ogger - ---------verifyProductsPageURL test has ended
2023-07-16 19:19:30,788 {HH:mm:ss.SSS} [main] 11   evel 11ogger - ---------verifyProductsPageTitle test has started
2023-07-16 19:19:30,796 {HH:mm:ss.SSS} [main] 15   evel 15ogger - ---------verifyProductsPageTitle test has ended
2023-07-16 19:19:30,796 {HH:mm:ss.SSS} [main] 11   evel 11ogger - ---------verifyProductsPageAppLogoDisplayed test has started
2023-07-16 19:19:30,842 {HH:mm:ss.SSS} [main] 15   evel 15ogger - ---------verifyProductsPageAppLogoDisplayed test has ended
2023-07-16 19:19:30,850 {HH:mm:ss.SSS} [main] 11   evel 11ogger - ---------verifyLogoutFunction test has started
2023-07-16 19:19:31,577 {HH:mm:ss.SSS} [main] 20   evel 20ogger - Verifying logout functionality
2023-07-16 19:19:31,605 {HH:mm:ss.SSS} [main] 15   evel 15ogger - ---------verifyLogoutFunction test has ended
2023-07-16 19:19:31,613 {HH:mm:ss.SSS} [main] 11   evel 11ogger - ---------verifyPriceFilterAscOrder test has started
2023-07-16 19:19:35,101 {HH:mm:ss.SSS} [main] 20   evel 20ogger - Applying low to high price filter on products
2023-07-16 19:19:38,389 {HH:mm:ss.SSS} [main] 20   evel 20ogger - Verifying filter function for low to high price
2023-07-16 19:19:39,181 {HH:mm:ss.SSS} [main] 15   evel 15ogger - ---------verifyPriceFilterAscOrder test has ended
2023-07-16 19:19:39,189 {HH:mm:ss.SSS} [main] 11   evel 11ogger - ---------verifyPriceFilterDescOrder test has started
2023-07-16 19:19:42,792 {HH:mm:ss.SSS} [main] 20   evel 20ogger - Applying high to low price filter on products
2023-07-16 19:19:46,047 {HH:mm:ss.SSS} [main] 20   evel 20ogger - Verifying filter function for high to low price
2023-07-16 19:19:46,047 {HH:mm:ss.SSS} [main] 15   evel 15ogger - ---------verifyPriceFilterDescOrder test has ended
